<?xml version="1.0" encoding="UTF-8"?>
<!-- Generated by org.testng.reporters.JUnitReportReporter -->
<testsuite hostname="Ameet" failures="0" tests="5" name="testcases.RestAssured_TestCases" time="21.439" errors="0" timestamp="2024-10-22T11:05:35 IST" skipped="0">
  <testcase classname="testcases.RestAssured_TestCases" name="verifyGetPostById" time="13.274"/>
  <testcase classname="testcases.RestAssured_TestCases" name="verifyAddPost" time="6.472"/>
  <testcase classname="testcases.RestAssured_TestCases" name="verifyUpdatePost" time="0.721"/>
  <testcase classname="testcases.RestAssured_TestCases" name="verifyDeletePost" time="0.796"/>
  <testcase classname="testcases.RestAssured_TestCases" name="verifyGetCommentsForPost" time="0.176"/>
</testsuite> <!-- testcases.RestAssured_TestCases -->
